2023-08-19 16:25:05,865 [cuckoo.core.scheduler] INFO: Task #15: acquired machine cuckoo1 (label=cuckoo1)
2023-08-19 16:25:05,867 [cuckoo.core.resultserver] DEBUG: Now tracking machine 192.168.56.101 for task #15
2023-08-19 16:25:05,869 [cuckoo.core.plugins] DEBUG: Started auxiliary module: Replay
2023-08-19 16:25:05,900 [cuckoo.auxiliary.sniffer] INFO: Started sniffer with PID 8402 (interface=vboxnet0, host=192.168.56.101)
2023-08-19 16:25:05,902 [cuckoo.core.plugins] DEBUG: Started auxiliary module: Sniffer
2023-08-19 16:25:06,117 [cuckoo.machinery.virtualbox] DEBUG: Starting vm cuckoo1
2023-08-19 16:25:06,925 [cuckoo.machinery.virtualbox] DEBUG: Restoring virtual machine cuckoo1 to its current snapshot
2023-08-19 16:25:11,774 [cuckoo.core.guest] INFO: Starting analysis #15 on guest (id=cuckoo1, ip=192.168.56.101)
2023-08-19 16:25:12,778 [cuckoo.core.guest] DEBUG: cuckoo1: not ready yet
2023-08-19 16:25:13,785 [cuckoo.core.guest] DEBUG: cuckoo1: not ready yet
2023-08-19 16:25:14,790 [cuckoo.core.guest] DEBUG: cuckoo1: not ready yet
2023-08-19 16:25:14,838 [cuckoo.core.guest] DEBUG: cuckoo1: not ready yet
2023-08-19 16:25:16,848 [cuckoo.core.guest] DEBUG: cuckoo1: not ready yet
2023-08-19 16:25:17,854 [cuckoo.core.guest] DEBUG: cuckoo1: not ready yet
2023-08-19 16:25:30,088 [cuckoo.core.guest] INFO: Guest is running Cuckoo Agent 0.10 (id=cuckoo1, ip=192.168.56.101)
2023-08-19 16:25:39,754 [cuckoo.core.guest] DEBUG: Uploading analyzer to guest (id=cuckoo1, ip=192.168.56.101, monitor=latest, size=3884763)
2023-08-19 16:26:03,141 [cuckoo.core.resultserver] DEBUG: Task #15: live log analysis.log initialized.
2023-08-19 16:26:09,755 [cuckoo.core.resultserver] DEBUG: Task #15 is sending a BSON stream
2023-08-19 16:26:11,350 [cuckoo.core.resultserver] DEBUG: Task #15: File upload for 'shots/0001.jpg'
2023-08-19 16:26:11,351 [cuckoo.core.resultserver] DEBUG: Task #15 uploaded file length: 25531
2023-08-19 16:26:11,383 [cuckoo.core.resultserver] DEBUG: Task #15 is sending a BSON stream
2023-08-19 16:26:16,100 [cuckoo.core.resultserver] DEBUG: Task #15 is sending a BSON stream
2023-08-19 16:26:22,226 [cuckoo.core.guest] WARNING: Virtual Machine /status failed. This can indicate the guest losing network connectivity
2023-08-19 16:26:23,049 [cuckoo.core.resultserver] DEBUG: Task #15 is sending a BSON stream
2023-08-19 16:26:23,565 [cuckoo.core.resultserver] DEBUG: Task #15: File upload for 'memory/1320-1.dmp'
2023-08-19 16:26:23,566 [cuckoo.core.resultserver] DEBUG: Task #15 uploaded file length: 4120
2023-08-19 16:26:25,015 [cuckoo.core.resultserver] DEBUG: Task #15: File upload for 'memory/660-1.dmp'
2023-08-19 16:26:25,086 [cuckoo.core.resultserver] DEBUG: Task #15 uploaded file length: 35709968
2023-08-19 16:26:26,396 [cuckoo.core.resultserver] DEBUG: Task #15 is sending a BSON stream
2023-08-19 16:26:26,869 [cuckoo.core.resultserver] DEBUG: Task #15: File upload for 'memory/2172-1.dmp'
2023-08-19 16:26:26,935 [cuckoo.core.resultserver] DEBUG: Task #15 uploaded file length: 35759144
2023-08-19 16:26:27,039 [cuckoo.core.resultserver] DEBUG: Task #15 is sending a BSON stream
2023-08-19 16:26:28,110 [cuckoo.core.resultserver] DEBUG: Task #15: File upload for 'memory/2488-1.dmp'
2023-08-19 16:26:28,178 [cuckoo.core.resultserver] DEBUG: Task #15 uploaded file length: 35767336
2023-08-19 16:26:28,239 [cuckoo.core.guest] WARNING: Virtual Machine /status failed. This can indicate the guest losing network connectivity
2023-08-19 16:26:34,251 [cuckoo.core.guest] WARNING: Virtual Machine /status failed. This can indicate the guest losing network connectivity
2023-08-19 16:26:34,257 [cuckoo.core.guest] DEBUG: cuckoo1: analysis #15 still processing
2023-08-19 16:26:37,972 [cuckoo.core.resultserver] DEBUG: Task #15: File upload for 'shots/0002.jpg'
2023-08-19 16:26:37,973 [cuckoo.core.resultserver] DEBUG: Task #15 uploaded file length: 26013
2023-08-19 16:26:39,045 [cuckoo.core.resultserver] DEBUG: Task #15: File upload for 'shots/0003.jpg'
2023-08-19 16:26:39,059 [cuckoo.core.resultserver] DEBUG: Task #15 uploaded file length: 25531
2023-08-19 16:26:40,266 [cuckoo.core.guest] WARNING: Virtual Machine /status failed. This can indicate the guest losing network connectivity
2023-08-19 16:26:40,551 [cuckoo.core.resultserver] DEBUG: Task #15: File upload for 'files/e3b0c44298fc1c14_tmpC599.tmp'
2023-08-19 16:26:40,551 [cuckoo.core.resultserver] DEBUG: Task #15 uploaded file length: 0
2023-08-19 16:26:45,569 [cuckoo.core.resultserver] DEBUG: Task #15 is sending a BSON stream
2023-08-19 16:26:46,264 [cuckoo.core.resultserver] DEBUG: Task #15: File upload for 'shots/0004.jpg'
2023-08-19 16:26:46,270 [cuckoo.core.resultserver] DEBUG: Task #15 uploaded file length: 28180
2023-08-19 16:26:46,282 [cuckoo.core.guest] WARNING: Virtual Machine /status failed. This can indicate the guest losing network connectivity
2023-08-19 16:26:46,960 [cuckoo.core.resultserver] DEBUG: Task #15 is sending a BSON stream
2023-08-19 16:26:47,271 [cuckoo.core.resultserver] DEBUG: Task #15: File upload for 'shots/0005.jpg'
2023-08-19 16:26:47,273 [cuckoo.core.resultserver] DEBUG: Task #15 uploaded file length: 30159
2023-08-19 16:26:48,069 [cuckoo.core.resultserver] DEBUG: Task #15: File upload for 'files/e67834d1e8b38ec5_8b6bc16fd137c09a08b02bbe1bb7d670.bin'
2023-08-19 16:26:48,073 [cuckoo.core.resultserver] DEBUG: Task #15 uploaded file length: 619008
2023-08-19 16:26:48,210 [cuckoo.core.resultserver] DEBUG: Task #15 is sending a BSON stream
2023-08-19 16:26:48,355 [cuckoo.core.resultserver] DEBUG: Task #15: File upload for 'shots/0006.jpg'
2023-08-19 16:26:48,370 [cuckoo.core.resultserver] DEBUG: Task #15 uploaded file length: 73107
2023-08-19 16:26:51,053 [cuckoo.core.resultserver] DEBUG: Task #15 is sending a BSON stream
2023-08-19 16:26:51,397 [cuckoo.core.resultserver] DEBUG: Task #15: File upload for 'shots/0007.jpg'
2023-08-19 16:26:51,401 [cuckoo.core.resultserver] DEBUG: Task #15 uploaded file length: 73157
2023-08-19 16:26:52,301 [cuckoo.core.guest] WARNING: Virtual Machine /status failed. This can indicate the guest losing network connectivity
2023-08-19 16:26:52,327 [cuckoo.core.resultserver] DEBUG: Task #15: File upload for 'memory/2160-1.dmp'
2023-08-19 16:26:52,334 [cuckoo.core.resultserver] DEBUG: Task #15: File upload for 'memory/2160-2.dmp'
2023-08-19 16:26:52,498 [cuckoo.core.resultserver] DEBUG: Task #15 uploaded file length: 68205200
2023-08-19 16:26:52,614 [cuckoo.core.resultserver] DEBUG: Task #15 uploaded file length: 68205152
2023-08-19 16:26:54,029 [cuckoo.core.resultserver] DEBUG: Task #15: File upload for 'memory/2948-1.dmp'
2023-08-19 16:26:54,073 [cuckoo.core.resultserver] DEBUG: Task #15 uploaded file length: 21874424
2023-08-19 16:26:54,178 [cuckoo.core.resultserver] DEBUG: Task #15 is sending a BSON stream
2023-08-19 16:26:54,435 [cuckoo.core.resultserver] DEBUG: Task #15: File upload for 'memory/2444-1.dmp'
2023-08-19 16:26:54,475 [cuckoo.core.resultserver] DEBUG: Task #15 uploaded file length: 15966192
2023-08-19 16:26:54,598 [cuckoo.core.resultserver] DEBUG: Task #15: File upload for 'memory/2848-1.dmp'
2023-08-19 16:26:54,651 [cuckoo.core.resultserver] DEBUG: Task #15 uploaded file length: 23973368
2023-08-19 16:26:58,312 [cuckoo.core.guest] WARNING: Virtual Machine /status failed. This can indicate the guest losing network connectivity
2023-08-19 16:27:04,328 [cuckoo.core.guest] WARNING: Virtual Machine /status failed. This can indicate the guest losing network connectivity
2023-08-19 16:27:04,333 [cuckoo.core.guest] DEBUG: cuckoo1: analysis #15 still processing
2023-08-19 16:27:10,343 [cuckoo.core.guest] WARNING: Virtual Machine /status failed. This can indicate the guest losing network connectivity
2023-08-19 16:27:16,358 [cuckoo.core.guest] WARNING: Virtual Machine /status failed. This can indicate the guest losing network connectivity
2023-08-19 16:27:22,370 [cuckoo.core.guest] WARNING: Virtual Machine /status failed. This can indicate the guest losing network connectivity
2023-08-19 16:27:28,386 [cuckoo.core.guest] WARNING: Virtual Machine /status failed. This can indicate the guest losing network connectivity
2023-08-19 16:27:34,403 [cuckoo.core.guest] WARNING: Virtual Machine /status failed. This can indicate the guest losing network connectivity
2023-08-19 16:27:34,409 [cuckoo.core.guest] DEBUG: cuckoo1: analysis #15 still processing
2023-08-19 16:27:40,418 [cuckoo.core.guest] WARNING: Virtual Machine /status failed. This can indicate the guest losing network connectivity
2023-08-19 16:27:46,430 [cuckoo.core.guest] WARNING: Virtual Machine /status failed. This can indicate the guest losing network connectivity
2023-08-19 16:27:52,659 [cuckoo.core.guest] WARNING: Virtual Machine /status failed. This can indicate the guest losing network connectivity
2023-08-19 16:27:58,671 [cuckoo.core.guest] WARNING: Virtual Machine /status failed. This can indicate the guest losing network connectivity
2023-08-19 16:28:04,682 [cuckoo.core.guest] WARNING: Virtual Machine /status failed. This can indicate the guest losing network connectivity
2023-08-19 16:28:04,688 [cuckoo.core.guest] DEBUG: cuckoo1: analysis #15 still processing
2023-08-19 16:28:10,698 [cuckoo.core.guest] WARNING: Virtual Machine /status failed. This can indicate the guest losing network connectivity
2023-08-19 16:28:16,714 [cuckoo.core.guest] WARNING: Virtual Machine /status failed. This can indicate the guest losing network connectivity
2023-08-19 16:28:22,730 [cuckoo.core.guest] WARNING: Virtual Machine /status failed. This can indicate the guest losing network connectivity
2023-08-19 16:28:28,743 [cuckoo.core.guest] WARNING: Virtual Machine /status failed. This can indicate the guest losing network connectivity
2023-08-19 16:28:34,754 [cuckoo.core.guest] WARNING: Virtual Machine /status failed. This can indicate the guest losing network connectivity
2023-08-19 16:28:34,760 [cuckoo.core.guest] DEBUG: cuckoo1: analysis #15 still processing
2023-08-19 16:28:40,770 [cuckoo.core.guest] WARNING: Virtual Machine /status failed. This can indicate the guest losing network connectivity
2023-08-19 16:28:46,782 [cuckoo.core.guest] WARNING: Virtual Machine /status failed. This can indicate the guest losing network connectivity
2023-08-19 16:28:52,795 [cuckoo.core.guest] WARNING: Virtual Machine /status failed. This can indicate the guest losing network connectivity
2023-08-19 16:28:58,811 [cuckoo.core.guest] WARNING: Virtual Machine /status failed. This can indicate the guest losing network connectivity
2023-08-19 16:29:01,937 [cuckoo.core.resultserver] DEBUG: Task #15: File upload for 'memory/1452-1.dmp'
2023-08-19 16:29:02,121 [cuckoo.core.resultserver] DEBUG: Task #15 uploaded file length: 89521216
2023-08-19 16:29:03,385 [cuckoo.core.resultserver] DEBUG: Task #15: File upload for 'memory/2724-1.dmp'
2023-08-19 16:29:03,496 [cuckoo.core.resultserver] DEBUG: Task #15 uploaded file length: 52814336
2023-08-19 16:29:04,826 [cuckoo.core.guest] WARNING: Virtual Machine /status failed. This can indicate the guest losing network connectivity
2023-08-19 16:29:04,829 [cuckoo.core.guest] DEBUG: cuckoo1: analysis #15 still processing
2023-08-19 16:29:05,831 [cuckoo.core.guest] INFO: cuckoo1: end of analysis reached!
2023-08-19 16:29:05,949 [cuckoo.core.plugins] DEBUG: Stopped auxiliary module: Replay
2023-08-19 16:29:06,002 [cuckoo.core.plugins] DEBUG: Stopped auxiliary module: Sniffer
2023-08-19 16:29:06,003 [cuckoo.machinery.virtualbox] DEBUG: Stopping vm cuckoo1
2023-08-19 16:29:14,132 [cuckoo.core.resultserver] DEBUG: Stopped tracking machine 192.168.56.101 for task #15
2023-08-19 16:29:14,133 [cuckoo.core.resultserver] DEBUG: Cancel <Context for BSON> for task 15
2023-08-19 16:29:14,134 [cuckoo.core.resultserver] DEBUG: Cancel <Context for BSON> for task 15
2023-08-19 16:29:14,135 [cuckoo.core.resultserver] DEBUG: Cancel <Context for BSON> for task 15
2023-08-19 16:29:14,136 [cuckoo.core.resultserver] DEBUG: Cancel <Context for BSON> for task 15
2023-08-19 16:29:14,136 [cuckoo.core.resultserver] DEBUG: Cancel <Context for LOG> for task 15
2023-08-19 16:29:14,137 [cuckoo.core.resultserver] DEBUG: Cancel <Context for BSON> for task 15
2023-08-19 16:29:14,137 [cuckoo.core.resultserver] DEBUG: Cancel <Context for BSON> for task 15
2023-08-19 16:29:14,137 [cuckoo.core.resultserver] DEBUG: Cancel <Context for BSON> for task 15
2023-08-19 16:29:14,138 [cuckoo.core.resultserver] DEBUG: Cancel <Context for BSON> for task 15
2023-08-19 16:29:14,138 [cuckoo.core.resultserver] DEBUG: Cancel <Context for BSON> for task 15
2023-08-19 16:29:14,139 [cuckoo.core.resultserver] DEBUG: Cancel <Context for BSON> for task 15
2023-08-19 16:29:14,139 [cuckoo.core.resultserver] DEBUG: Cancel <Context for BSON> for task 15
2023-08-19 16:29:14,303 [cuckoo.core.scheduler] DEBUG: Released database task #15
2023-08-19 16:29:14,356 [cuckoo.core.plugins] DEBUG: Executed processing module "AnalysisInfo" for task #15
2023-08-19 16:29:15,660 [cuckoo.core.plugins] DEBUG: Executed processing module "BehaviorAnalysis" for task #15
2023-08-19 16:29:15,702 [cuckoo.core.plugins] DEBUG: Executed processing module "Dropped" for task #15
2023-08-19 16:29:15,851 [cuckoo.core.plugins] DEBUG: Executed processing module "DroppedBuffer" for task #15
2023-08-19 16:29:21,033 [cuckoo.core.plugins] DEBUG: Executed processing module "MetaInfo" for task #15
2023-08-19 16:29:25,735 [cuckoo.core.plugins] DEBUG: Executed processing module "ProcessMemory" for task #15
2023-08-19 16:29:25,735 [cuckoo.core.plugins] DEBUG: Executed processing module "Procmon" for task #15
2023-08-19 16:29:25,924 [cuckoo.core.plugins] DEBUG: Executed processing module "Screenshots" for task #15
2023-08-19 16:29:26,751 [cuckoo.core.plugins] DEBUG: Executed processing module "Static" for task #15
2023-08-19 16:29:26,804 [cuckoo.core.plugins] DEBUG: Executed processing module "Strings" for task #15
2023-08-19 16:29:26,821 [cuckoo.core.plugins] DEBUG: Executed processing module "TargetInfo" for task #15
2023-08-19 16:29:26,822 [cuckoo.processing.baseline] INFO: Could not find a baseline report for machine 'cuckoo1', skipping it.
2023-08-19 16:29:26,822 [cuckoo.core.plugins] DEBUG: Executed processing module "Baseline" for task #15
2023-08-19 16:29:26,873 [cuckoo.core.plugins] DEBUG: Executed processing module "NetworkAnalysis" for task #15
2023-08-19 16:29:27,784 [cuckoo.processing.virustotal] WARNING: Error fetching results from VirusTotal for "e67834d1e8b38ec5864cfa101b140aeaba8f1900a6e269e6a94c90fcbfe56678": Unable to fetch VirusTotal results: SSLError(SSLError("bad handshake: SysCallError(104, 'ECONNRESET')",),)
2023-08-19 16:29:28,505 [cuckoo.processing.virustotal] WARNING: Error fetching results from VirusTotal for "e67834d1e8b38ec5_8b6bc16fd137c09a08b02bbe1bb7d670.bin": Unable to fetch VirusTotal results: SSLError(SSLError("bad handshake: SysCallError(104, 'ECONNRESET')",),)
2023-08-19 16:29:28,507 [cuckoo.core.plugins] DEBUG: Executed processing module "VirusTotal" for task #15
2023-08-19 16:29:28,508 [cuckoo.core.plugins] DEBUG: Executed processing module "Extracted" for task #15
2023-08-19 16:29:28,510 [cuckoo.core.plugins] DEBUG: Executed processing module "TLSMasterSecrets" for task #15
2023-08-19 16:29:28,516 [cuckoo.core.plugins] DEBUG: Executed processing module "Debug" for task #15
2023-08-19 16:29:28,624 [cuckoo.core.plugins] DEBUG: Running 542 signatures
2023-08-19 16:29:34,208 [cuckoo.core.plugins] DEBUG: Analysis matched signature: dumped_buffer
2023-08-19 16:29:34,208 [cuckoo.core.plugins] DEBUG: Analysis matched signature: allocates_rwx
2023-08-19 16:29:34,208 [cuckoo.core.plugins] DEBUG: Analysis matched signature: antivm_queries_computername
2023-08-19 16:29:34,209 [cuckoo.core.plugins] DEBUG: Analysis matched signature: antivm_disk_size
2023-08-19 16:29:34,209 [cuckoo.core.plugins] DEBUG: Analysis matched signature: bypass_firewall
2023-08-19 16:29:34,209 [cuckoo.core.plugins] DEBUG: Analysis matched signature: console_output
2023-08-19 16:29:34,209 [cuckoo.core.plugins] DEBUG: Analysis matched signature: creates_doc
2023-08-19 16:29:34,209 [cuckoo.core.plugins] DEBUG: Analysis matched signature: creates_shortcut
2023-08-19 16:29:34,209 [cuckoo.core.plugins] DEBUG: Analysis matched signature: suspicious_process
2023-08-19 16:29:34,210 [cuckoo.core.plugins] DEBUG: Analysis matched signature: antisandbox_cuckoo_files
2023-08-19 16:29:34,210 [cuckoo.core.plugins] DEBUG: Analysis matched signature: disables_proxy
2023-08-19 16:29:34,210 [cuckoo.core.plugins] DEBUG: Analysis matched signature: exe_appdata
2023-08-19 16:29:34,210 [cuckoo.core.plugins] DEBUG: Analysis matched signature: recon_fingerprint
2023-08-19 16:29:34,211 [cuckoo.core.plugins] DEBUG: Analysis matched signature: has_wmi
2023-08-19 16:29:34,211 [cuckoo.core.plugins] DEBUG: Analysis matched signature: stealth_window
2023-08-19 16:29:34,211 [cuckoo.core.plugins] DEBUG: Analysis matched signature: antivm_memory_available
2023-08-19 16:29:34,211 [cuckoo.core.plugins] DEBUG: Analysis matched signature: moves_self
2023-08-19 16:29:34,211 [cuckoo.core.plugins] DEBUG: Analysis matched signature: privilege_luid_check
2023-08-19 16:29:34,212 [cuckoo.core.plugins] DEBUG: Analysis matched signature: memdump_ip_urls
2023-08-19 16:29:34,212 [cuckoo.core.plugins] DEBUG: Analysis matched signature: memdump_tor_urls
2023-08-19 16:29:34,212 [cuckoo.core.plugins] DEBUG: Analysis matched signature: memdump_urls
2023-08-19 16:29:34,212 [cuckoo.core.plugins] DEBUG: Analysis matched signature: raises_exception
2023-08-19 16:29:34,213 [cuckoo.core.plugins] DEBUG: Analysis matched signature: ransomware_message
2023-08-19 16:29:34,213 [cuckoo.core.plugins] DEBUG: Analysis matched signature: terminates_remote_process
2023-08-19 16:29:34,213 [cuckoo.core.plugins] DEBUG: Analysis matched signature: uses_windows_utilities
2023-08-19 16:30:04,451 [cuckoo.core.plugins] DEBUG: Executed reporting module "JsonDump"
2023-08-19 16:30:07,298 [cuckoo.core.plugins] DEBUG: Executed reporting module "SingleFile"
2023-08-19 16:30:16,259 [cuckoo.core.plugins] DEBUG: Executed reporting module "MongoDB"
2023-08-19 16:30:16,260 [cuckoo.core.scheduler] INFO: Task #15: reports generation completed
2023-08-19 16:30:28,670 [cuckoo.core.scheduler] INFO: Task #15: analysis procedure completed
