2023-08-30 17:54:59,180 [cuckoo.core.scheduler] INFO: Task #16: acquired machine cuckoo1 (label=cuckoo1)
2023-08-30 17:54:59,181 [cuckoo.core.resultserver] DEBUG: Now tracking machine 192.168.56.101 for task #16
2023-08-30 17:54:59,181 [cuckoo.core.plugins] DEBUG: Started auxiliary module: Replay
2023-08-30 17:54:59,205 [cuckoo.auxiliary.sniffer] INFO: Started sniffer with PID 4024 (interface=vboxnet0, host=192.168.56.101)
2023-08-30 17:54:59,207 [cuckoo.core.plugins] DEBUG: Started auxiliary module: Sniffer
2023-08-30 17:55:00,283 [cuckoo.machinery.virtualbox] DEBUG: Starting vm cuckoo1
2023-08-30 17:55:01,955 [cuckoo.machinery.virtualbox] DEBUG: Restoring virtual machine cuckoo1 to its current snapshot
2023-08-30 17:55:06,287 [cuckoo.core.guest] INFO: Starting analysis #16 on guest (id=cuckoo1, ip=192.168.56.101)
2023-08-30 17:55:07,291 [cuckoo.core.guest] DEBUG: cuckoo1: not ready yet
2023-08-30 17:55:08,300 [cuckoo.core.guest] DEBUG: cuckoo1: not ready yet
2023-08-30 17:55:09,311 [cuckoo.core.guest] DEBUG: cuckoo1: not ready yet
2023-08-30 17:55:09,347 [cuckoo.core.guest] DEBUG: cuckoo1: not ready yet
2023-08-30 17:55:11,386 [cuckoo.core.guest] DEBUG: cuckoo1: not ready yet
2023-08-30 17:55:12,417 [cuckoo.core.guest] DEBUG: cuckoo1: not ready yet
2023-08-30 17:55:23,813 [cuckoo.core.guest] INFO: Guest is running Cuckoo Agent 0.10 (id=cuckoo1, ip=192.168.56.101)
2023-08-30 17:55:33,555 [cuckoo.core.guest] DEBUG: Uploading analyzer to guest (id=cuckoo1, ip=192.168.56.101, monitor=latest, size=3884763)
2023-08-30 17:55:59,322 [cuckoo.core.resultserver] DEBUG: Task #16: live log analysis.log initialized.
2023-08-30 17:56:05,899 [cuckoo.core.resultserver] DEBUG: Task #16 is sending a BSON stream
2023-08-30 17:56:07,804 [cuckoo.core.resultserver] DEBUG: Task #16 is sending a BSON stream
2023-08-30 17:56:08,540 [cuckoo.core.resultserver] DEBUG: Task #16 is sending a BSON stream
2023-08-30 17:56:08,849 [cuckoo.core.resultserver] DEBUG: Task #16: File upload for 'shots/0001.jpg'
2023-08-30 17:56:08,850 [cuckoo.core.resultserver] DEBUG: Task #16 uploaded file length: 25536
2023-08-30 17:56:22,132 [cuckoo.core.guest] WARNING: Virtual Machine /status failed. This can indicate the guest losing network connectivity
2023-08-30 17:56:22,139 [cuckoo.core.resultserver] DEBUG: Task #16 is sending a BSON stream
2023-08-30 17:56:28,157 [cuckoo.core.guest] WARNING: Virtual Machine /status failed. This can indicate the guest losing network connectivity
2023-08-30 17:56:28,171 [cuckoo.core.guest] DEBUG: cuckoo1: analysis #16 still processing
2023-08-30 17:56:34,184 [cuckoo.core.guest] WARNING: Virtual Machine /status failed. This can indicate the guest losing network connectivity
2023-08-30 17:56:37,755 [cuckoo.core.resultserver] DEBUG: Task #16: File upload for 'shots/0002.jpg'
2023-08-30 17:56:37,758 [cuckoo.core.resultserver] DEBUG: Task #16 uploaded file length: 25922
2023-08-30 17:56:38,805 [cuckoo.core.resultserver] DEBUG: Task #16: File upload for 'shots/0003.jpg'
2023-08-30 17:56:38,806 [cuckoo.core.resultserver] DEBUG: Task #16 uploaded file length: 25536
2023-08-30 17:56:40,203 [cuckoo.core.guest] WARNING: Virtual Machine /status failed. This can indicate the guest losing network connectivity
2023-08-30 17:56:46,224 [cuckoo.core.guest] WARNING: Virtual Machine /status failed. This can indicate the guest losing network connectivity
2023-08-30 17:56:52,235 [cuckoo.core.guest] WARNING: Virtual Machine /status failed. This can indicate the guest losing network connectivity
2023-08-30 17:56:57,903 [cuckoo.core.resultserver] DEBUG: Task #16: File upload for 'memory/1628-1.dmp'
2023-08-30 17:56:58,120 [cuckoo.core.resultserver] DEBUG: Task #16 uploaded file length: 35730208
2023-08-30 17:56:58,251 [cuckoo.core.guest] WARNING: Virtual Machine /status failed. This can indicate the guest losing network connectivity
2023-08-30 17:56:58,260 [cuckoo.core.guest] DEBUG: cuckoo1: analysis #16 still processing
2023-08-30 17:56:58,787 [cuckoo.core.resultserver] DEBUG: Task #16: File upload for 'memory/1628-2.dmp'
2023-08-30 17:57:01,729 [cuckoo.core.resultserver] DEBUG: Task #16 is sending a BSON stream
2023-08-30 17:57:01,912 [cuckoo.core.resultserver] DEBUG: Task #16 uploaded file length: 35730448
2023-08-30 17:57:02,870 [cuckoo.core.resultserver] DEBUG: Task #16: File upload for 'memory/2332-1.dmp'
2023-08-30 17:57:03,881 [cuckoo.core.resultserver] DEBUG: Task #16 uploaded file length: 35750928
2023-08-30 17:57:04,272 [cuckoo.core.guest] WARNING: Virtual Machine /status failed. This can indicate the guest losing network connectivity
2023-08-30 17:57:06,609 [cuckoo.core.resultserver] DEBUG: Task #16: File upload for 'memory/2332-2.dmp'
2023-08-30 17:57:06,668 [cuckoo.core.resultserver] DEBUG: Task #16 uploaded file length: 35750640
2023-08-30 17:57:06,775 [cuckoo.core.resultserver] DEBUG: Task #16 is sending a BSON stream
2023-08-30 17:57:07,452 [cuckoo.core.resultserver] DEBUG: Task #16: File upload for 'memory/2608-1.dmp'
2023-08-30 17:57:07,513 [cuckoo.core.resultserver] DEBUG: Task #16 uploaded file length: 35755048
2023-08-30 17:57:10,291 [cuckoo.core.guest] WARNING: Virtual Machine /status failed. This can indicate the guest losing network connectivity
2023-08-30 17:57:16,094 [cuckoo.core.resultserver] DEBUG: Task #16: File upload for 'files/e3b0c44298fc1c14_tmp6554.tmp'
2023-08-30 17:57:16,094 [cuckoo.core.resultserver] DEBUG: Task #16 uploaded file length: 0
2023-08-30 17:57:16,303 [cuckoo.core.guest] WARNING: Virtual Machine /status failed. This can indicate the guest losing network connectivity
2023-08-30 17:57:17,793 [cuckoo.core.resultserver] DEBUG: Task #16: File upload for 'shots/0004.jpg'
2023-08-30 17:57:17,795 [cuckoo.core.resultserver] DEBUG: Task #16 uploaded file length: 26004
2023-08-30 17:57:18,823 [cuckoo.core.resultserver] DEBUG: Task #16: File upload for 'shots/0005.jpg'
2023-08-30 17:57:18,824 [cuckoo.core.resultserver] DEBUG: Task #16 uploaded file length: 25533
2023-08-30 17:57:20,397 [cuckoo.core.resultserver] DEBUG: Task #16 is sending a BSON stream
2023-08-30 17:57:20,475 [cuckoo.core.resultserver] DEBUG: Task #16 is sending a BSON stream
2023-08-30 17:57:20,870 [cuckoo.core.resultserver] DEBUG: Task #16: File upload for 'shots/0006.jpg'
2023-08-30 17:57:20,876 [cuckoo.core.resultserver] DEBUG: Task #16 uploaded file length: 72999
2023-08-30 17:57:21,938 [cuckoo.core.resultserver] DEBUG: Task #16: File upload for 'shots/0007.jpg'
2023-08-30 17:57:21,943 [cuckoo.core.resultserver] DEBUG: Task #16 uploaded file length: 73166
2023-08-30 17:57:22,315 [cuckoo.core.guest] WARNING: Virtual Machine /status failed. This can indicate the guest losing network connectivity
2023-08-30 17:57:28,335 [cuckoo.core.guest] WARNING: Virtual Machine /status failed. This can indicate the guest losing network connectivity
2023-08-30 17:57:28,337 [cuckoo.core.guest] DEBUG: cuckoo1: analysis #16 still processing
2023-08-30 17:57:34,364 [cuckoo.core.guest] WARNING: Virtual Machine /status failed. This can indicate the guest losing network connectivity
2023-08-30 17:57:37,602 [cuckoo.core.resultserver] DEBUG: Task #16: File upload for 'files/53779238d1cc9ced_53779238d1cc9ceddc3cf8a0debbfc2f3888a9c3cbfb0cbae4b1ae40b4aa5924.exe'
2023-08-30 17:57:37,605 [cuckoo.core.resultserver] DEBUG: Task #16 uploaded file length: 196608
2023-08-30 17:57:37,714 [cuckoo.core.resultserver] DEBUG: Task #16 is sending a BSON stream
2023-08-30 17:57:40,379 [cuckoo.core.guest] WARNING: Virtual Machine /status failed. This can indicate the guest losing network connectivity
2023-08-30 17:57:46,394 [cuckoo.core.guest] WARNING: Virtual Machine /status failed. This can indicate the guest losing network connectivity
2023-08-30 17:57:52,415 [cuckoo.core.guest] WARNING: Virtual Machine /status failed. This can indicate the guest losing network connectivity
2023-08-30 17:57:58,435 [cuckoo.core.guest] WARNING: Virtual Machine /status failed. This can indicate the guest losing network connectivity
2023-08-30 17:57:59,591 [cuckoo.core.guest] DEBUG: cuckoo1: analysis #16 still processing
2023-08-30 17:58:05,615 [cuckoo.core.guest] WARNING: Virtual Machine /status failed. This can indicate the guest losing network connectivity
2023-08-30 17:58:11,626 [cuckoo.core.guest] WARNING: Virtual Machine /status failed. This can indicate the guest losing network connectivity
2023-08-30 17:58:17,642 [cuckoo.core.guest] WARNING: Virtual Machine /status failed. This can indicate the guest losing network connectivity
2023-08-30 17:58:19,603 [cuckoo.core.resultserver] DEBUG: Task #16 is sending a BSON stream
2023-08-30 17:58:23,663 [cuckoo.core.guest] WARNING: Virtual Machine /status failed. This can indicate the guest losing network connectivity
2023-08-30 17:58:29,679 [cuckoo.core.guest] WARNING: Virtual Machine /status failed. This can indicate the guest losing network connectivity
2023-08-30 17:58:29,685 [cuckoo.core.guest] DEBUG: cuckoo1: analysis #16 still processing
2023-08-30 17:58:35,693 [cuckoo.core.guest] WARNING: Virtual Machine /status failed. This can indicate the guest losing network connectivity
2023-08-30 17:58:41,707 [cuckoo.core.guest] WARNING: Virtual Machine /status failed. This can indicate the guest losing network connectivity
2023-08-30 17:58:47,719 [cuckoo.core.guest] WARNING: Virtual Machine /status failed. This can indicate the guest losing network connectivity
2023-08-30 17:58:53,735 [cuckoo.core.guest] WARNING: Virtual Machine /status failed. This can indicate the guest losing network connectivity
2023-08-30 17:58:59,747 [cuckoo.core.guest] WARNING: Virtual Machine /status failed. This can indicate the guest losing network connectivity
2023-08-30 17:58:59,755 [cuckoo.core.guest] DEBUG: cuckoo1: analysis #16 still processing
2023-08-30 17:59:00,757 [cuckoo.core.guest] INFO: cuckoo1: end of analysis reached!
2023-08-30 17:59:01,109 [cuckoo.core.plugins] DEBUG: Stopped auxiliary module: Replay
2023-08-30 17:59:01,143 [cuckoo.core.plugins] DEBUG: Stopped auxiliary module: Sniffer
2023-08-30 17:59:01,144 [cuckoo.machinery.virtualbox] DEBUG: Stopping vm cuckoo1
2023-08-30 17:59:04,393 [cuckoo.core.resultserver] DEBUG: Stopped tracking machine 192.168.56.101 for task #16
2023-08-30 17:59:04,394 [cuckoo.core.resultserver] DEBUG: Cancel <Context for BSON> for task 16
2023-08-30 17:59:04,395 [cuckoo.core.resultserver] DEBUG: Cancel <Context for BSON> for task 16
2023-08-30 17:59:04,395 [cuckoo.core.resultserver] DEBUG: Cancel <Context for LOG> for task 16
2023-08-30 17:59:04,396 [cuckoo.core.resultserver] DEBUG: Cancel <Context for BSON> for task 16
2023-08-30 17:59:04,397 [cuckoo.core.resultserver] DEBUG: Cancel <Context for BSON> for task 16
2023-08-30 17:59:04,397 [cuckoo.core.resultserver] DEBUG: Cancel <Context for BSON> for task 16
2023-08-30 17:59:04,398 [cuckoo.core.resultserver] DEBUG: Cancel <Context for BSON> for task 16
2023-08-30 17:59:04,398 [cuckoo.core.resultserver] DEBUG: Cancel <Context for BSON> for task 16
2023-08-30 17:59:04,399 [cuckoo.core.resultserver] DEBUG: Cancel <Context for BSON> for task 16
2023-08-30 17:59:04,399 [cuckoo.core.resultserver] DEBUG: Cancel <Context for BSON> for task 16
2023-08-30 17:59:04,399 [cuckoo.core.resultserver] DEBUG: Cancel <Context for BSON> for task 16
2023-08-30 17:59:04,512 [cuckoo.core.scheduler] DEBUG: Released database task #16
2023-08-30 17:59:04,552 [cuckoo.core.plugins] DEBUG: Executed processing module "AnalysisInfo" for task #16
2023-08-30 17:59:05,290 [cuckoo.core.plugins] DEBUG: Executed processing module "BehaviorAnalysis" for task #16
2023-08-30 17:59:05,303 [cuckoo.core.plugins] DEBUG: Executed processing module "Dropped" for task #16
2023-08-30 17:59:05,458 [cuckoo.core.plugins] DEBUG: Executed processing module "DroppedBuffer" for task #16
2023-08-30 17:59:07,555 [cuckoo.core.plugins] DEBUG: Executed processing module "MetaInfo" for task #16
2023-08-30 17:59:09,255 [cuckoo.core.plugins] DEBUG: Executed processing module "ProcessMemory" for task #16
2023-08-30 17:59:09,256 [cuckoo.core.plugins] DEBUG: Executed processing module "Procmon" for task #16
2023-08-30 17:59:09,468 [cuckoo.core.plugins] DEBUG: Executed processing module "Screenshots" for task #16
2023-08-30 17:59:09,851 [cuckoo.core.plugins] DEBUG: Executed processing module "Static" for task #16
2023-08-30 17:59:09,864 [cuckoo.core.plugins] DEBUG: Executed processing module "Strings" for task #16
2023-08-30 17:59:09,870 [cuckoo.core.plugins] DEBUG: Executed processing module "TargetInfo" for task #16
2023-08-30 17:59:09,873 [cuckoo.processing.baseline] INFO: Could not find a baseline report for machine 'cuckoo1', skipping it.
2023-08-30 17:59:09,873 [cuckoo.core.plugins] DEBUG: Executed processing module "Baseline" for task #16
2023-08-30 17:59:09,917 [cuckoo.core.plugins] DEBUG: Executed processing module "NetworkAnalysis" for task #16
2023-08-30 17:59:10,891 [cuckoo.core.plugins] DEBUG: Executed processing module "VirusTotal" for task #16
2023-08-30 17:59:10,892 [cuckoo.core.plugins] DEBUG: Executed processing module "Extracted" for task #16
2023-08-30 17:59:10,893 [cuckoo.core.plugins] DEBUG: Executed processing module "TLSMasterSecrets" for task #16
2023-08-30 17:59:10,899 [cuckoo.core.plugins] DEBUG: Executed processing module "Debug" for task #16
2023-08-30 17:59:10,944 [cuckoo.core.plugins] DEBUG: Running 542 signatures
2023-08-30 17:59:13,688 [cuckoo.core.plugins] DEBUG: Analysis matched signature: dumped_buffer
2023-08-30 17:59:13,688 [cuckoo.core.plugins] DEBUG: Analysis matched signature: antivm_queries_computername
2023-08-30 17:59:13,688 [cuckoo.core.plugins] DEBUG: Analysis matched signature: antivm_disk_size
2023-08-30 17:59:13,688 [cuckoo.core.plugins] DEBUG: Analysis matched signature: bypass_firewall
2023-08-30 17:59:13,688 [cuckoo.core.plugins] DEBUG: Analysis matched signature: console_output
2023-08-30 17:59:13,688 [cuckoo.core.plugins] DEBUG: Analysis matched signature: creates_doc
2023-08-30 17:59:13,689 [cuckoo.core.plugins] DEBUG: Analysis matched signature: creates_shortcut
2023-08-30 17:59:13,689 [cuckoo.core.plugins] DEBUG: Analysis matched signature: suspicious_process
2023-08-30 17:59:13,689 [cuckoo.core.plugins] DEBUG: Analysis matched signature: antisandbox_cuckoo_files
2023-08-30 17:59:13,689 [cuckoo.core.plugins] DEBUG: Analysis matched signature: disables_proxy
2023-08-30 17:59:13,689 [cuckoo.core.plugins] DEBUG: Analysis matched signature: exe_appdata
2023-08-30 17:59:13,689 [cuckoo.core.plugins] DEBUG: Analysis matched signature: recon_fingerprint
2023-08-30 17:59:13,689 [cuckoo.core.plugins] DEBUG: Analysis matched signature: has_wmi
2023-08-30 17:59:13,689 [cuckoo.core.plugins] DEBUG: Analysis matched signature: stealth_window
2023-08-30 17:59:13,689 [cuckoo.core.plugins] DEBUG: Analysis matched signature: antivm_memory_available
2023-08-30 17:59:13,689 [cuckoo.core.plugins] DEBUG: Analysis matched signature: moves_self
2023-08-30 17:59:13,690 [cuckoo.core.plugins] DEBUG: Analysis matched signature: packer_entropy
2023-08-30 17:59:13,690 [cuckoo.core.plugins] DEBUG: Analysis matched signature: privilege_luid_check
2023-08-30 17:59:13,690 [cuckoo.core.plugins] DEBUG: Analysis matched signature: memdump_urls
2023-08-30 17:59:13,690 [cuckoo.core.plugins] DEBUG: Analysis matched signature: raises_exception
2023-08-30 17:59:13,690 [cuckoo.core.plugins] DEBUG: Analysis matched signature: ransomware_message
2023-08-30 17:59:13,690 [cuckoo.core.plugins] DEBUG: Analysis matched signature: terminates_remote_process
2023-08-30 17:59:13,690 [cuckoo.core.plugins] DEBUG: Analysis matched signature: uses_windows_utilities
2023-08-30 17:59:17,775 [cuckoo.core.plugins] DEBUG: Executed reporting module "JsonDump"
2023-08-30 17:59:19,865 [cuckoo.core.plugins] DEBUG: Executed reporting module "SingleFile"
2023-08-30 17:59:23,046 [cuckoo.core.plugins] DEBUG: Executed reporting module "MongoDB"
2023-08-30 17:59:23,047 [cuckoo.core.scheduler] INFO: Task #16: reports generation completed
2023-08-30 17:59:23,054 [cuckoo.core.scheduler] INFO: Task #16: analysis procedure completed
